Detecting compiler hash for triplet x64-linux...
Compiler found: /usr/bin/c++
The following packages are already installed:
    catch2:x64-linux@3.13.0#1
    enet:x64-linux@1.3.18
  * fmt:x64-linux@12.1.0
    nlohmann-json:x64-linux@3.12.0#2
    spdlog[core,tz-offset,fmt]:x64-linux@1.17.0
    tomlplusplus:x64-linux@3.4.0#1
  * vcpkg-cmake:x64-linux@2024-04-23
  * vcpkg-cmake-config:x64-linux@2024-05-23
  * vcpkg-cmake-get-vars:x64-linux@2025-05-29
  * vcpkg-tool-meson:x64-linux@1.9.0#4
catch2 provides CMake targets:

  # this is heuristically generated, and may not be correct
  find_package(Catch2 CONFIG REQUIRED)
  target_link_libraries(main PRIVATE Catch2::Catch2 Catch2::Catch2WithMain)

catch2 provides pkg-config modules:

  # A modern, C++-native test framework for C++14 and above (links in default main)
  catch2-with-main

  # A modern, C++-native, test framework for C++14 and above
  catch2

enet provides CMake targets:

  # this is heuristically generated, and may not be correct
  find_package(unofficial-enet CONFIG REQUIRED)
  target_link_libraries(main PRIVATE unofficial::enet::enet)

The package nlohmann-json provides CMake targets:

    find_package(nlohmann_json CONFIG REQUIRED)
    target_link_libraries(main PRIVATE nlohmann_json::nlohmann_json)

The package nlohmann-json can be configured to not provide implicit conversions via a custom triplet file:

    set(nlohmann-json_IMPLICIT_CONVERSIONS OFF)

For more information, see the docs here:
    
    https://json.nlohmann.me/api/macros/json_use_implicit_conversions/

The package spdlog provides CMake targets:

    find_package(spdlog CONFIG REQUIRED)
    target_link_libraries(main PRIVATE spdlog::spdlog)

    # Or use the header-only version
    find_package(spdlog CONFIG REQUIRED)
    target_link_libraries(main PRIVATE spdlog::spdlog_header_only)

tomlplusplus provides CMake targets:

  # this is heuristically generated, and may not be correct
  find_package(tomlplusplus CONFIG REQUIRED)
  target_link_libraries(main PRIVATE tomlplusplus::tomlplusplus)

tomlplusplus provides pkg-config modules:

  # TOML config file parser and serializer for C++
  tomlplusplus

All requested installations completed successfully in: 123 us
